Build started 9/21/2014 10:30:35 AM.
     1>Project "C:\Stephen-Russo-CS3113\Pong\NYUCodebase\NYUCodebase.vcxproj" on node 2 (Build target(s)).
     1>ClCompile:
         C:\Program Files (x86)\Microsoft Visual Studio 12.0\VC\bin\CL.exe /c /IC:\SDL2\include /IC:\SDL2_image\include /ZI /nologo /W3 /WX- /sdl /Od /Oy- /D _MBCS /Gm /EHsc /RTC1 /MDd /GS /fp:precise /Zc:wchar_t /Zc:forScope /Fo"Debug\\" /Fd"Debug\vc120.pdb" /Gd /TP /analyze- /errorReport:prompt main.cpp
         main.cpp
     1>c:\stephen-russo-cs3113\pong\nyucodebase\main.cpp(156): warning C4244: '+=' : conversion from 'double' to 'float', possible loss of data
     1>c:\stephen-russo-cs3113\pong\nyucodebase\main.cpp(159): warning C4305: '=' : truncation from 'double' to 'float'
     1>c:\stephen-russo-cs3113\pong\nyucodebase\main.cpp(161): warning C4305: '=' : truncation from 'double' to 'float'
     1>c:\stephen-russo-cs3113\pong\nyucodebase\main.cpp(166): warning C4244: '=' : conversion from 'double' to 'float', possible loss of data
     1>c:\stephen-russo-cs3113\pong\nyucodebase\main.cpp(169): warning C4305: '=' : truncation from 'double' to 'float'
     1>c:\stephen-russo-cs3113\pong\nyucodebase\main.cpp(171): warning C4305: '=' : truncation from 'double' to 'float'
     1>c:\stephen-russo-cs3113\pong\nyucodebase\main.cpp(230): warning C4305: 'argument' : truncation from 'double' to 'float'
     1>c:\stephen-russo-cs3113\pong\nyucodebase\main.cpp(233): warning C4305: 'argument' : truncation from 'double' to 'float'
     1>c:\stephen-russo-cs3113\pong\nyucodebase\main.cpp(237): warning C4305: 'argument' : truncation from 'double' to 'float'
       Link:
         C:\Program Files (x86)\Microsoft Visual Studio 12.0\VC\bin\link.exe /ERRORREPORT:PROMPT /OUT:"C:\Stephen-Russo-CS3113\Pong\Debug\NYUCodebase.exe" /INCREMENTAL /NOLOGO /LIBPATH:C:\SDL2\lib\x86 /LIBPATH:C:\SDL2_image\lib\x86 SDL2.lib SDL2main.lib SDL2_image.lib OpenGL32.lib /MANIFEST /MANIFESTUAC:"level='asInvoker' uiAccess='false'" /manifest:embed /DEBUG /PDB:"C:\Stephen-Russo-CS3113\Pong\Debug\NYUCodebase.pdb" /SUBSYSTEM:WINDOWS /TLBID:1 /DYNAMICBASE /NXCOMPAT /IMPLIB:"C:\Stephen-Russo-CS3113\Pong\Debug\NYUCodebase.lib" /MACHINE:X86 Debug\main.obj
         NYUCodebase.vcxproj -> C:\Stephen-Russo-CS3113\Pong\Debug\NYUCodebase.exe
     1>Done Building Project "C:\Stephen-Russo-CS3113\Pong\NYUCodebase\NYUCodebase.vcxproj" (Build target(s)).

Build succeeded.

Time Elapsed 00:00:00.82
