Build started 11/10/2014 12:29:24 PM.
     1>Project "C:\Stephen-Russo-CS3113\Pong with Effects\NYUCodebase\NYUCodebase.vcxproj" on node 2 (Build target(s)).
     1>ClCompile:
         C:\Program Files (x86)\Microsoft Visual Studio 12.0\VC\bin\CL.exe /c /IC:\SDL2\include /IC:\SDL2_image\include /I"C:\SDL2_mixer-2.0.0\include" /ZI /nologo /W3 /WX- /sdl /Od /Oy- /D _MBCS /Gm /EHsc /RTC1 /MDd /GS /fp:precise /Zc:wchar_t /Zc:forScope /Fo"Debug\\" /Fd"Debug\vc120.pdb" /Gd /TP /analyze- /errorReport:prompt main.cpp
         main.cpp
     1>c:\stephen-russo-cs3113\pong with effects\nyucodebase\main.cpp(108): warning C4244: 'return' : conversion from 'double' to 'float', possible loss of data
     1>c:\stephen-russo-cs3113\pong with effects\nyucodebase\main.cpp(283): warning C4244: '=' : conversion from 'double' to 'float', possible loss of data
     1>c:\stephen-russo-cs3113\pong with effects\nyucodebase\main.cpp(285): warning C4244: '=' : conversion from 'double' to 'float', possible loss of data
     1>c:\stephen-russo-cs3113\pong with effects\nyucodebase\main.cpp(289): warning C4244: '=' : conversion from 'double' to 'float', possible loss of data
     1>c:\stephen-russo-cs3113\pong with effects\nyucodebase\main.cpp(291): warning C4244: '=' : conversion from 'double' to 'float', possible loss of data
     1>c:\stephen-russo-cs3113\pong with effects\nyucodebase\main.cpp(299): warning C4244: '=' : conversion from 'double' to 'float', possible loss of data
     1>c:\stephen-russo-cs3113\pong with effects\nyucodebase\main.cpp(300): warning C4244: '=' : conversion from 'double' to 'float', possible loss of data
     1>c:\stephen-russo-cs3113\pong with effects\nyucodebase\main.cpp(303): warning C4244: '=' : conversion from 'double' to 'float', possible loss of data
     1>c:\stephen-russo-cs3113\pong with effects\nyucodebase\main.cpp(304): warning C4244: '=' : conversion from 'double' to 'float', possible loss of data
       Link:
         C:\Program Files (x86)\Microsoft Visual Studio 12.0\VC\bin\link.exe /ERRORREPORT:PROMPT /OUT:"C:\Stephen-Russo-CS3113\Pong with Effects\Debug\NYUCodebase.exe" /INCREMENTAL /NOLOGO /LIBPATH:C:\SDL2\lib\x86 /LIBPATH:C:\SDL2_image\lib\x86 /LIBPATH:"C:\SDL2_mixer-2.0.0\lib\x86" SDL2.lib SDL2main.lib SDL2_image.lib OpenGL32.lib SDL2_mixer.lib /MANIFEST /MANIFESTUAC:"level='asInvoker' uiAccess='false'" /manifest:embed /DEBUG /PDB:"C:\Stephen-Russo-CS3113\Pong with Effects\Debug\NYUCodebase.pdb" /SUBSYSTEM:WINDOWS /TLBID:1 /DYNAMICBASE /NXCOMPAT /IMPLIB:"C:\Stephen-Russo-CS3113\Pong with Effects\Debug\NYUCodebase.lib" /MACHINE:X86 Debug\main.obj
         NYUCodebase.vcxproj -> C:\Stephen-Russo-CS3113\Pong with Effects\Debug\NYUCodebase.exe
     1>Done Building Project "C:\Stephen-Russo-CS3113\Pong with Effects\NYUCodebase\NYUCodebase.vcxproj" (Build target(s)).

Build succeeded.

Time Elapsed 00:00:01.58
