Build started 11/9/2014 7:56:21 PM.
     1>Project "C:\Stephen-Russo-CS3113\Final Project\NYUCodebase\NYUCodebase.vcxproj" on node 2 (Rebuild target(s)).
     1>ClCompile:
         C:\Program Files (x86)\Microsoft Visual Studio 12.0\VC\bin\CL.exe /c /IC:\SDL2\include /IC:\SDL2_image\include /I"C:\SDL2_mixer-2.0.0\include" /ZI /nologo /W3 /WX- /sdl /Od /Oy- /D _MBCS /Gm /EHsc /RTC1 /MDd /GS /fp:precise /Zc:wchar_t /Zc:forScope /Fo"Debug\\" /Fd"Debug\vc120.pdb" /Gd /TP /analyze- /errorReport:prompt Bullet.cpp ClassDemoApp.cpp Entity.cpp GameOver.cpp Gameplay.cpp Instructions.cpp main.cpp MainMenu.cpp
         MainMenu.cpp
     1>c:\stephen-russo-cs3113\final project\nyucodebase\mainmenu.cpp(84): warning C4305: 'argument' : truncation from 'double' to 'GLfloat'
     1>c:\stephen-russo-cs3113\final project\nyucodebase\mainmenu.cpp(88): warning C4305: 'argument' : truncation from 'double' to 'GLfloat'
         main.cpp
         Instructions.cpp
     1>c:\stephen-russo-cs3113\final project\nyucodebase\instructions.cpp(78): warning C4305: 'argument' : truncation from 'double' to 'GLfloat'
     1>c:\stephen-russo-cs3113\final project\nyucodebase\instructions.cpp(86): warning C4305: 'argument' : truncation from 'double' to 'GLfloat'
     1>c:\stephen-russo-cs3113\final project\nyucodebase\instructions.cpp(90): warning C4305: 'argument' : truncation from 'double' to 'GLfloat'
     1>c:\stephen-russo-cs3113\final project\nyucodebase\instructions.cpp(94): warning C4305: 'argument' : truncation from 'double' to 'GLfloat'
     1>c:\stephen-russo-cs3113\final project\nyucodebase\instructions.cpp(102): warning C4305: 'argument' : truncation from 'double' to 'GLfloat'
     1>c:\stephen-russo-cs3113\final project\nyucodebase\instructions.cpp(106): warning C4305: 'argument' : truncation from 'double' to 'GLfloat'
     1>c:\stephen-russo-cs3113\final project\nyucodebase\instructions.cpp(110): warning C4305: 'argument' : truncation from 'double' to 'GLfloat'
     1>c:\stephen-russo-cs3113\final project\nyucodebase\instructions.cpp(114): warning C4305: 'argument' : truncation from 'double' to 'GLfloat'
     1>c:\stephen-russo-cs3113\final project\nyucodebase\instructions.cpp(118): warning C4305: 'argument' : truncation from 'double' to 'GLfloat'
     1>c:\stephen-russo-cs3113\final project\nyucodebase\instructions.cpp(126): warning C4305: 'argument' : truncation from 'double' to 'GLfloat'
     1>c:\stephen-russo-cs3113\final project\nyucodebase\instructions.cpp(130): warning C4305: 'argument' : truncation from 'double' to 'GLfloat'
     1>c:\stephen-russo-cs3113\final project\nyucodebase\instructions.cpp(134): warning C4305: 'argument' : truncation from 'double' to 'GLfloat'
     1>c:\stephen-russo-cs3113\final project\nyucodebase\instructions.cpp(138): warning C4305: 'argument' : truncation from 'double' to 'GLfloat'
         Gameplay.cpp
         GameOver.cpp
         Entity.cpp
         ClassDemoApp.cpp
         Bullet.cpp
         Generating Code...
       Link:
         C:\Program Files (x86)\Microsoft Visual Studio 12.0\VC\bin\link.exe /ERRORREPORT:PROMPT /OUT:"C:\Stephen-Russo-CS3113\Final Project\Debug\NYUCodebase.exe" /INCREMENTAL /NOLOGO /LIBPATH:C:\SDL2\lib\x86 /LIBPATH:C:\SDL2_image\lib\x86 /LIBPATH:"C:\SDL2_mixer-2.0.0\lib\x86" SDL2.lib SDL2main.lib SDL2_image.lib OpenGL32.lib SDL2_mixer.lib /MANIFEST /MANIFESTUAC:"level='asInvoker' uiAccess='false'" /manifest:embed /DEBUG /PDB:"C:\Stephen-Russo-CS3113\Final Project\Debug\NYUCodebase.pdb" /SUBSYSTEM:WINDOWS /TLBID:1 /DYNAMICBASE /NXCOMPAT /IMPLIB:"C:\Stephen-Russo-CS3113\Final Project\Debug\NYUCodebase.lib" /MACHINE:X86 Debug\Bullet.obj
         Debug\ClassDemoApp.obj
         Debug\Entity.obj
         Debug\GameOver.obj
         Debug\Gameplay.obj
         Debug\Instructions.obj
         Debug\main.obj
         Debug\MainMenu.obj
     1>MSVCRTD.lib(cinitexe.obj) : warning LNK4098: defaultlib 'msvcrt.lib' conflicts with use of other libs; use /NODEFAULTLIB:library
         NYUCodebase.vcxproj -> C:\Stephen-Russo-CS3113\Final Project\Debug\NYUCodebase.exe
     1>Done Building Project "C:\Stephen-Russo-CS3113\Final Project\NYUCodebase\NYUCodebase.vcxproj" (Rebuild target(s)).

Build succeeded.

Time Elapsed 00:00:07.71
