c:\stephen-russo-cs3113\final project\nyucodebase\debug\vc120.pdb
c:\stephen-russo-cs3113\final project\nyucodebase\debug\vc120.idb
c:\stephen-russo-cs3113\final project\nyucodebase\debug\bullet.obj
c:\stephen-russo-cs3113\final project\nyucodebase\debug\classdemoapp.obj
c:\stephen-russo-cs3113\final project\nyucodebase\debug\entity.obj
c:\stephen-russo-cs3113\final project\nyucodebase\debug\gameover.obj
c:\stephen-russo-cs3113\final project\nyucodebase\debug\gameplay.obj
c:\stephen-russo-cs3113\final project\nyucodebase\debug\instructions.obj
c:\stephen-russo-cs3113\final project\nyucodebase\debug\main.obj
c:\stephen-russo-cs3113\final project\nyucodebase\debug\mainmenu.obj
c:\stephen-russo-cs3113\final project\nyucodebase\debug\stageone.obj
c:\stephen-russo-cs3113\final project\nyucodebase\debug\stagetwo.obj
c:\stephen-russo-cs3113\final project\nyucodebase\debug\stagethree.obj
c:\stephen-russo-cs3113\final project\debug\nyucodebase.ilk
c:\stephen-russo-cs3113\final project\debug\nyucodebase.exe
c:\stephen-russo-cs3113\final project\debug\nyucodebase.pdb
c:\stephen-russo-cs3113\final project\nyucodebase\debug\nyucodebase.tlog\cl.command.1.tlog
c:\stephen-russo-cs3113\final project\nyucodebase\debug\nyucodebase.tlog\cl.read.1.tlog
c:\stephen-russo-cs3113\final project\nyucodebase\debug\nyucodebase.tlog\cl.write.1.tlog
c:\stephen-russo-cs3113\final project\nyucodebase\debug\nyucodebase.tlog\link.command.1.tlog
c:\stephen-russo-cs3113\final project\nyucodebase\debug\nyucodebase.tlog\link.read.1.tlog
c:\stephen-russo-cs3113\final project\nyucodebase\debug\nyucodebase.tlog\link.write.1.tlog
