c:\cs3113\project_template\windows\nyucodebase\nyucodebase\debug\vc120.pdb
c:\cs3113\project_template\windows\nyucodebase\nyucodebase\debug\vc120.idb
c:\cs3113\project_template\windows\nyucodebase\nyucodebase\debug\main.obj
c:\stephen-russo-cs3113\asteroids\nyucodebase\debug\vc120.pdb
c:\stephen-russo-cs3113\asteroids\nyucodebase\debug\vc120.idb
c:\stephen-russo-cs3113\asteroids\nyucodebase\debug\classdemoapp.obj
c:\stephen-russo-cs3113\asteroids\nyucodebase\debug\entity.obj
c:\stephen-russo-cs3113\asteroids\nyucodebase\debug\main.obj
c:\stephen-russo-cs3113\asteroids\nyucodebase\debug\matrix.obj
c:\stephen-russo-cs3113\asteroids\nyucodebase\debug\vector.obj
c:\stephen-russo-cs3113\asteroids\debug\nyucodebase.pdb
c:\stephen-russo-cs3113\asteroids\nyucodebase\debug\nyucodebase.tlog\cl.command.1.tlog
c:\stephen-russo-cs3113\asteroids\nyucodebase\debug\nyucodebase.tlog\cl.read.1.tlog
c:\stephen-russo-cs3113\asteroids\nyucodebase\debug\nyucodebase.tlog\cl.write.1.tlog
c:\stephen-russo-cs3113\asteroids\nyucodebase\debug\nyucodebase.tlog\link-cvtres.read.1.tlog
c:\stephen-russo-cs3113\asteroids\nyucodebase\debug\nyucodebase.tlog\link-cvtres.write.1.tlog
c:\stephen-russo-cs3113\asteroids\nyucodebase\debug\nyucodebase.tlog\link-rc.read.1.tlog
c:\stephen-russo-cs3113\asteroids\nyucodebase\debug\nyucodebase.tlog\link-rc.write.1.tlog
c:\stephen-russo-cs3113\asteroids\nyucodebase\debug\nyucodebase.tlog\link.7028-cvtres.read.1.tlog
c:\stephen-russo-cs3113\asteroids\nyucodebase\debug\nyucodebase.tlog\link.7028-cvtres.write.1.tlog
c:\stephen-russo-cs3113\asteroids\nyucodebase\debug\nyucodebase.tlog\link.7028-rc.read.1.tlog
c:\stephen-russo-cs3113\asteroids\nyucodebase\debug\nyucodebase.tlog\link.7028-rc.write.1.tlog
c:\stephen-russo-cs3113\asteroids\nyucodebase\debug\nyucodebase.tlog\link.7028.read.1.tlog
c:\stephen-russo-cs3113\asteroids\nyucodebase\debug\nyucodebase.tlog\link.7028.write.1.tlog
c:\stephen-russo-cs3113\asteroids\nyucodebase\debug\nyucodebase.tlog\link.command.1.tlog
c:\stephen-russo-cs3113\asteroids\nyucodebase\debug\nyucodebase.tlog\link.read.1.tlog
c:\stephen-russo-cs3113\asteroids\nyucodebase\debug\nyucodebase.tlog\link.write.1.tlog
